<?xml version="1.0" encoding="UTF-8"?>
<testsuite xmlns:xsi="http://www.w3.org/2001/XMLSchema-instance" xsi:noNamespaceSchemaLocation="https://maven.apache.org/surefire/maven-surefire-plugin/xsd/surefire-test-report.xsd" name="uk.ac.ed.inf.AppTest" time="1.896" tests="21" errors="0" skipped="0" failures="0">
  <properties>
    <property name="java.specification.version" value="14"/>
    <property name="sun.cpu.isalist" value="amd64"/>
    <property name="sun.jnu.encoding" value="Cp1252"/>
    <property name="java.class.path" value="C:\Users\Owner\OneDrive\Documents\3rdYr\ILP\ilp\target\test-classes;C:\Users\Owner\OneDrive\Documents\3rdYr\ILP\ilp\target\classes;C:\Users\Owner\.m2\repository\com\google\code\gson\gson\2.8.8\gson-2.8.8.jar;C:\Users\Owner\.m2\repository\junit\junit\4.11\junit-4.11.jar;C:\Users\Owner\.m2\repository\org\hamcrest\hamcrest-core\1.3\hamcrest-core-1.3.jar;"/>
    <property name="java.vm.vendor" value="Oracle Corporation"/>
    <property name="sun.arch.data.model" value="64"/>
    <property name="user.variant" value=""/>
    <property name="java.vendor.url" value="https://java.oracle.com/"/>
    <property name="user.timezone" value="Europe/London"/>
    <property name="os.name" value="Windows 10"/>
    <property name="java.vm.specification.version" value="14"/>
    <property name="sun.java.launcher" value="SUN_STANDARD"/>
    <property name="user.country" value="GB"/>
    <property name="sun.boot.library.path" value="C:\Program Files\Java\jdk-14.0.2\bin"/>
    <property name="sun.java.command" value="C:\Users\Owner\AppData\Local\Temp\surefire9636129263711465936\surefirebooter9138529430634195112.jar C:\Users\Owner\AppData\Local\Temp\surefire9636129263711465936 2021-10-28T16-41-28_073-jvmRun1 surefire13706719931121813554tmp surefire_013858886901208098343tmp"/>
    <property name="jdk.debug" value="release"/>
    <property name="surefire.test.class.path" value="C:\Users\Owner\OneDrive\Documents\3rdYr\ILP\ilp\target\test-classes;C:\Users\Owner\OneDrive\Documents\3rdYr\ILP\ilp\target\classes;C:\Users\Owner\.m2\repository\com\google\code\gson\gson\2.8.8\gson-2.8.8.jar;C:\Users\Owner\.m2\repository\junit\junit\4.11\junit-4.11.jar;C:\Users\Owner\.m2\repository\org\hamcrest\hamcrest-core\1.3\hamcrest-core-1.3.jar;"/>
    <property name="sun.cpu.endian" value="little"/>
    <property name="user.home" value="C:\Users\Owner"/>
    <property name="user.language" value="en"/>
    <property name="java.specification.vendor" value="Oracle Corporation"/>
    <property name="java.version.date" value="2020-07-14"/>
    <property name="java.home" value="C:\Program Files\Java\jdk-14.0.2"/>
    <property name="file.separator" value="\"/>
    <property name="basedir" value="C:\Users\Owner\OneDrive\Documents\3rdYr\ILP\ilp"/>
    <property name="java.vm.compressedOopsMode" value="32-bit"/>
    <property name="line.separator" value="&#10;"/>
    <property name="java.vm.specification.vendor" value="Oracle Corporation"/>
    <property name="java.specification.name" value="Java Platform API Specification"/>
    <property name="surefire.real.class.path" value="C:\Users\Owner\AppData\Local\Temp\surefire9636129263711465936\surefirebooter9138529430634195112.jar"/>
    <property name="user.script" value=""/>
    <property name="sun.management.compiler" value="HotSpot 64-Bit Tiered Compilers"/>
    <property name="java.runtime.version" value="14.0.2+12-46"/>
    <property name="user.name" value="Owner"/>
    <property name="path.separator" value=";"/>
    <property name="os.version" value="10.0"/>
    <property name="java.runtime.name" value="Java(TM) SE Runtime Environment"/>
    <property name="file.encoding" value="Cp1252"/>
    <property name="java.vm.name" value="Java HotSpot(TM) 64-Bit Server VM"/>
    <property name="localRepository" value="C:\Users\Owner\.m2\repository"/>
    <property name="java.vendor.url.bug" value="https://bugreport.java.com/bugreport/"/>
    <property name="java.io.tmpdir" value="C:\Users\Owner\AppData\Local\Temp\"/>
    <property name="idea.version" value="2021.2.2"/>
    <property name="java.version" value="14.0.2"/>
    <property name="user.dir" value="C:\Users\Owner\OneDrive\Documents\3rdYr\ILP\ilp"/>
    <property name="os.arch" value="amd64"/>
    <property name="java.vm.specification.name" value="Java Virtual Machine Specification"/>
    <property name="sun.os.patch.level" value=""/>
    <property name="java.library.path" value="C:\Program Files\Java\jdk-14.0.2\bin;C:\WINDOWS\Sun\Java\bin;C:\WINDOWS\system32;C:\WINDOWS;C:\WINDOWS\system32;C:\WINDOWS;C:\WINDOWS\System32\Wbem;C:\WINDOWS\System32\WindowsPowerShell\v1.0\;C:\WINDOWS\System32\OpenSSH\;C:\Program Files\Git\cmd;C:\Program Files\Java\jdk-14.0.2\bin;C:\Users\Owner\AppData\Roaming\local\bin;C:\Users\Owner\AppData\Local\Microsoft\WindowsApps;C:\Program Files\JetBrains\IntelliJ IDEA 2019.3.1\bin;;C:\Users\Owner\AppData\Local\Programs\Microsoft VS Code\bin;."/>
    <property name="java.vm.info" value="mixed mode, sharing"/>
    <property name="java.vendor" value="Oracle Corporation"/>
    <property name="java.vm.version" value="14.0.2+12-46"/>
    <property name="sun.io.unicode.encoding" value="UnicodeLittle"/>
    <property name="java.class.version" value="58.0"/>
  </properties>
  <testcase name="testCloseToFalse" classname="uk.ac.ed.inf.AppTest" time="0.016"/>
  <testcase name="testAngle30" classname="uk.ac.ed.inf.AppTest" time="0"/>
  <testcase name="testAngle60" classname="uk.ac.ed.inf.AppTest" time="0.005"/>
  <testcase name="testAngle90" classname="uk.ac.ed.inf.AppTest" time="0"/>
  <testcase name="testCloseToTrue" classname="uk.ac.ed.inf.AppTest" time="0"/>
  <testcase name="testMenusFourA" classname="uk.ac.ed.inf.AppTest" time="1.683"/>
  <testcase name="testMenusFourB" classname="uk.ac.ed.inf.AppTest" time="0.008"/>
  <testcase name="testMenusThree" classname="uk.ac.ed.inf.AppTest" time="0.023"/>
  <testcase name="testAngle150" classname="uk.ac.ed.inf.AppTest" time="0"/>
  <testcase name="testAngle210" classname="uk.ac.ed.inf.AppTest" time="0"/>
  <testcase name="testAngle270" classname="uk.ac.ed.inf.AppTest" time="0"/>
  <testcase name="testAngle310" classname="uk.ac.ed.inf.AppTest" time="0"/>
  <testcase name="testAngle350" classname="uk.ac.ed.inf.AppTest" time="0"/>
  <testcase name="testAngle999" classname="uk.ac.ed.inf.AppTest" time="0"/>
  <testcase name="testMenusOne" classname="uk.ac.ed.inf.AppTest" time="0.03"/>
  <testcase name="testMenusTwo" classname="uk.ac.ed.inf.AppTest" time="0.022"/>
  <testcase name="testAngle0" classname="uk.ac.ed.inf.AppTest" time="0"/>
  <testcase name="testIsConfinedFalse" classname="uk.ac.ed.inf.AppTest" time="0"/>
  <testcase name="testIsConfinedTrueA" classname="uk.ac.ed.inf.AppTest" time="0"/>
  <testcase name="testIsConfinedTrueB" classname="uk.ac.ed.inf.AppTest" time="0"/>
  <testcase name="testDistanceTo" classname="uk.ac.ed.inf.AppTest" time="0"/>
</testsuite>